# JRE version: Java(TM) SE Runtime Environment (8.0_201-b09) (build 1.8.0_201-b09)
# Java VM: Java HotSpot(TM) 64-Bit Server VM (25.201-b09 mixed mode windows-amd64 compressed oops)
Heap:
 PSYoungGen      total 3384320K, used 3356361K [0x00000006eab00000, 0x00000007bff80000, 0x00000007c0000000)
  eden space 3273216K, 100% used [0x00000006eab00000,0x00000007b2780000,0x00000007b2780000)
  from space 111104K, 74% used [0x00000007b9300000,0x00000007be4327e0,0x00000007bff80000)
  to   space 110080K, 84% used [0x00000007b2780000,0x00000007b81fb5f0,0x00000007b9300000)
 ParOldGen       total 5765120K, used 4012457K [0x0000000540000000, 0x000000069fe00000, 0x00000006eab00000)
  object space 5765120K, 69% used [0x0000000540000000,0x0000000634e6a778,0x000000069fe00000)
 Metaspace       used 91851K, capacity 98337K, committed 101632K, reserved 1138688K
  class space    used 11568K, capacity 12143K, committed 12800K, reserved 1048576K
GC Heap History (10 events):
Event: 8453.445 GC heap after
Heap after GC invocations=2800 (full 6):
 PSYoungGen      total 3382272K, used 88124K [0x00000006eab00000, 0x00000007c0000000, 0x00000007c0000000)
  eden space 3273728K, 0% used [0x00000006eab00000,0x00000006eab00000,0x00000007b2800000)
  from space 108544K, 81% used [0x00000007b9600000,0x00000007bec0f0c0,0x00000007c0000000)
  to   space 110592K, 0% used [0x00000007b2800000,0x00000007b2800000,0x00000007b9400000)
 ParOldGen       total 5765120K, used 4004025K [0x0000000540000000, 0x000000069fe00000, 0x00000006eab00000)
  object space 5765120K, 69% used [0x0000000540000000,0x000000063462e778,0x000000069fe00000)
 Metaspace       used 91851K, capacity 98337K, committed 101632K, reserved 1138688K
  class space    used 11568K, capacity 12143K, committed 12800K, reserved 1048576K
}
Event: 8456.298 GC heap before
{Heap before GC invocations=2801 (full 6):
 PSYoungGen      total 3382272K, used 3361852K [0x00000006eab00000, 0x00000007c0000000, 0x00000007c0000000)
  eden space 3273728K, 100% used [0x00000006eab00000,0x00000007b2800000,0x00000007b2800000)
  from space 108544K, 81% used [0x00000007b9600000,0x00000007bec0f0c0,0x00000007c0000000)
  to   space 110592K, 0% used [0x00000007b2800000,0x00000007b2800000,0x00000007b9400000)
 ParOldGen       total 5765120K, used 4004025K [0x0000000540000000, 0x000000069fe00000, 0x00000006eab00000)
  object space 5765120K, 69% used [0x0000000540000000,0x000000063462e778,0x000000069fe00000)
 Metaspace       used 91851K, capacity 98337K, committed 101632K, reserved 1138688K
  class space    used 11568K, capacity 12143K, committed 12800K, reserved 1048576K
Event: 8456.369 GC heap after
Heap after GC invocations=2801 (full 6):
 PSYoungGen      total 3349504K, used 75370K [0x00000006eab00000, 0x00000007bfb00000, 0x00000007c0000000)
  eden space 3273728K, 0% used [0x00000006eab00000,0x00000006eab00000,0x00000007b2800000)
  from space 75776K, 99% used [0x00000007b2800000,0x00000007b719aae8,0x00000007b7200000)
  to   space 107008K, 0% used [0x00000007b9280000,0x00000007b9280000,0x00000007bfb00000)
 ParOldGen       total 5765120K, used 4005617K [0x0000000540000000, 0x000000069fe00000, 0x00000006eab00000)
  object space 5765120K, 69% used [0x0000000540000000,0x00000006347bc778,0x000000069fe00000)
 Metaspace       used 91851K, capacity 98337K, committed 101632K, reserved 1138688K
  class space    used 11568K, capacity 12143K, committed 12800K, reserved 1048576K
}
Event: 8459.254 GC heap before
{Heap before GC invocations=2802 (full 6):
 PSYoungGen      total 3349504K, used 3349098K [0x00000006eab00000, 0x00000007bfb00000, 0x00000007c0000000)
  eden space 3273728K, 100% used [0x00000006eab00000,0x00000007b2800000,0x00000007b2800000)
  from space 75776K, 99% used [0x00000007b2800000,0x00000007b719aae8,0x00000007b7200000)
  to   space 107008K, 0% used [0x00000007b9280000,0x00000007b9280000,0x00000007bfb00000)
 ParOldGen       total 5765120K, used 4005617K [0x0000000540000000, 0x000000069fe00000, 0x00000006eab00000)
  object space 5765120K, 69% used [0x0000000540000000,0x00000006347bc778,0x000000069fe00000)
 Metaspace       used 91851K, capacity 98337K, committed 101632K, reserved 1138688K
  class space    used 11568K, capacity 12143K, committed 12800K, reserved 1048576K
Event: 8459.334 GC heap after
Heap after GC invocations=2802 (full 6):
 PSYoungGen      total 3380736K, used 88866K [0x00000006eab00000, 0x00000007c0000000, 0x00000007c0000000)
  eden space 3273728K, 0% used [0x00000006eab00000,0x00000006eab00000,0x00000007b2800000)
  from space 107008K, 83% used [0x00000007b9280000,0x00000007be948a10,0x00000007bfb00000)
  to   space 109056K, 0% used [0x00000007b2800000,0x00000007b2800000,0x00000007b9280000)
 ParOldGen       total 5765120K, used 4007393K [0x0000000540000000, 0x000000069fe00000, 0x00000006eab00000)
  object space 5765120K, 69% used [0x0000000540000000,0x0000000634978778,0x000000069fe00000)
 Metaspace       used 91851K, capacity 98337K, committed 101632K, reserved 1138688K
  class space    used 11568K, capacity 12143K, committed 12800K, reserved 1048576K
}
Event: 8462.063 GC heap before
{Heap before GC invocations=2803 (full 6):
 PSYoungGen      total 3380736K, used 3362594K [0x00000006eab00000, 0x00000007c0000000, 0x00000007c0000000)
  eden space 3273728K, 100% used [0x00000006eab00000,0x00000007b2800000,0x00000007b2800000)
  from space 107008K, 83% used [0x00000007b9280000,0x00000007be948a10,0x00000007bfb00000)
  to   space 109056K, 0% used [0x00000007b2800000,0x00000007b2800000,0x00000007b9280000)
 ParOldGen       total 5765120K, used 4007393K [0x0000000540000000, 0x000000069fe00000, 0x00000006eab00000)
  object space 5765120K, 69% used [0x0000000540000000,0x0000000634978778,0x000000069fe00000)
 Metaspace       used 91851K, capacity 98337K, committed 101632K, reserved 1138688K
  class space    used 11568K, capacity 12143K, committed 12800K, reserved 1048576K
Event: 8462.144 GC heap after
Heap after GC invocations=2803 (full 6):
 PSYoungGen      total 3382784K, used 90836K [0x00000006eab00000, 0x00000007c0000000, 0x00000007c0000000)
  eden space 3273728K, 0% used [0x00000006eab00000,0x00000006eab00000,0x00000007b2800000)
  from space 109056K, 83% used [0x00000007b2800000,0x00000007b80b5280,0x00000007b9280000)
  to   space 111616K, 0% used [0x00000007b9300000,0x00000007b9300000,0x00000007c0000000)
 ParOldGen       total 5765120K, used 4009105K [0x0000000540000000, 0x000000069fe00000, 0x00000006eab00000)
  object space 5765120K, 69% used [0x0000000540000000,0x0000000634b24778,0x000000069fe00000)
 Metaspace       used 91851K, capacity 98337K, committed 101632K, reserved 1138688K
  class space    used 11568K, capacity 12143K, committed 12800K, reserved 1048576K
}
Event: 8464.865 GC heap before
{Heap before GC invocations=2804 (full 6):
 PSYoungGen      total 3382784K, used 3364564K [0x00000006eab00000, 0x00000007c0000000, 0x00000007c0000000)
  eden space 3273728K, 100% used [0x00000006eab00000,0x00000007b2800000,0x00000007b2800000)
  from space 109056K, 83% used [0x00000007b2800000,0x00000007b80b5280,0x00000007b9280000)
  to   space 111616K, 0% used [0x00000007b9300000,0x00000007b9300000,0x00000007c0000000)
 ParOldGen       total 5765120K, used 4009105K [0x0000000540000000, 0x000000069fe00000, 0x00000006eab00000)
  object space 5765120K, 69% used [0x0000000540000000,0x0000000634b24778,0x000000069fe00000)
 Metaspace       used 91851K, capacity 98337K, committed 101632K, reserved 1138688K
  class space    used 11568K, capacity 12143K, committed 12800K, reserved 1048576K
Event: 8464.941 GC heap after
Heap after GC invocations=2804 (full 6):
 PSYoungGen      total 3384320K, used 83145K [0x00000006eab00000, 0x00000007bff80000, 0x00000007c0000000)
  eden space 3273216K, 0% used [0x00000006eab00000,0x00000006eab00000,0x00000007b2780000)
  from space 111104K, 74% used [0x00000007b9300000,0x00000007be4327e0,0x00000007bff80000)
  to   space 110080K, 0% used [0x00000007b2780000,0x00000007b2780000,0x00000007b9300000)
 ParOldGen       total 5765120K, used 4010825K [0x0000000540000000, 0x000000069fe00000, 0x00000006eab00000)
  object space 5765120K, 69% used [0x0000000540000000,0x0000000634cd2778,0x000000069fe00000)
 Metaspace       used 91851K, capacity 98337K, committed 101632K, reserved 1138688K
  class space    used 11568K, capacity 12143K, committed 12800K, reserved 1048576K
}
Event: 8467.953 GC heap before
{Heap before GC invocations=2805 (full 6):
 PSYoungGen      total 3384320K, used 3356361K [0x00000006eab00000, 0x00000007bff80000, 0x00000007c0000000)
  eden space 3273216K, 100% used [0x00000006eab00000,0x00000007b2780000,0x00000007b2780000)
  from space 111104K, 74% used [0x00000007b9300000,0x00000007be4327e0,0x00000007bff80000)
  to   space 110080K, 0% used [0x00000007b2780000,0x00000007b2780000,0x00000007b9300000)
 ParOldGen       total 5765120K, used 4010825K [0x0000000540000000, 0x000000069fe00000, 0x00000006eab00000)
  object space 5765120K, 69% used [0x0000000540000000,0x0000000634cd2778,0x000000069fe00000)
 Metaspace       used 91851K, capacity 98337K, committed 101632K, reserved 1138688K
  class space    used 11568K, capacity 12143K, committed 12800K, reserved 1048576K

