# JRE version: Java(TM) SE Runtime Environment (8.0_201-b09) (build 1.8.0_201-b09)
# Java VM: Java HotSpot(TM) 64-Bit Server VM (25.201-b09 mixed mode windows-amd64 compressed oops)
Heap:
 PSYoungGen      total 3329536K, used 2038131K [0x00000006eab00000, 0x00000007c0000000, 0x00000007c0000000)
  eden space 3236864K, 60% used [0x00000006eab00000,0x0000000761738e00,0x00000007b0400000)
  from space 92672K, 99% used [0x00000007b0400000,0x00000007b5e23f60,0x00000007b5e80000)
  to   space 131072K, 0% used [0x00000007b8000000,0x00000007b8000000,0x00000007c0000000)
 ParOldGen       total 6505984K, used 3134923K [0x0000000540000000, 0x00000006cd180000, 0x00000006eab00000)
  object space 6505984K, 48% used [0x0000000540000000,0x00000005ff572e60,0x00000006cd180000)
 Metaspace       used 91744K, capacity 98113K, committed 101632K, reserved 1138688K
  class space    used 11551K, capacity 12101K, committed 12800K, reserved 1048576K
GC Heap History (10 events):
Event: 8991.882 GC heap before
{Heap before GC invocations=3083 (full 6):
 PSYoungGen      total 3369984K, used 3326512K [0x00000006eab00000, 0x00000007bfa00000, 0x00000007c0000000)
  eden space 3251200K, 100% used [0x00000006eab00000,0x00000007b1200000,0x00000007b1200000)
  from space 118784K, 63% used [0x00000007b8600000,0x00000007bcf8c130,0x00000007bfa00000)
  to   space 118784K, 0% used [0x00000007b1200000,0x00000007b1200000,0x00000007b8600000)
 ParOldGen       total 6505984K, used 3126523K [0x0000000540000000, 0x00000006cd180000, 0x00000006eab00000)
  object space 6505984K, 48% used [0x0000000540000000,0x00000005fed3ee60,0x00000006cd180000)
 Metaspace       used 91744K, capacity 98113K, committed 101632K, reserved 1138688K
  class space    used 11551K, capacity 12101K, committed 12800K, reserved 1048576K
Event: 8991.951 GC heap after
Heap after GC invocations=3083 (full 6):
 PSYoungGen      total 3369984K, used 71617K [0x00000006eab00000, 0x00000007bfc00000, 0x00000007c0000000)
  eden space 3251200K, 0% used [0x00000006eab00000,0x00000006eab00000,0x00000007b1200000)
  from space 118784K, 60% used [0x00000007b1200000,0x00000007b57f0648,0x00000007b8600000)
  to   space 116736K, 0% used [0x00000007b8a00000,0x00000007b8a00000,0x00000007bfc00000)
 ParOldGen       total 6505984K, used 3128299K [0x0000000540000000, 0x00000006cd180000, 0x00000006eab00000)
  object space 6505984K, 48% used [0x0000000540000000,0x00000005feefae60,0x00000006cd180000)
 Metaspace       used 91744K, capacity 98113K, committed 101632K, reserved 1138688K
  class space    used 11551K, capacity 12101K, committed 12800K, reserved 1048576K
}
Event: 8995.021 GC heap before
{Heap before GC invocations=3084 (full 6):
 PSYoungGen      total 3369984K, used 3322817K [0x00000006eab00000, 0x00000007bfc00000, 0x00000007c0000000)
  eden space 3251200K, 100% used [0x00000006eab00000,0x00000007b1200000,0x00000007b1200000)
  from space 118784K, 60% used [0x00000007b1200000,0x00000007b57f0648,0x00000007b8600000)
  to   space 116736K, 0% used [0x00000007b8a00000,0x00000007b8a00000,0x00000007bfc00000)
 ParOldGen       total 6505984K, used 3128299K [0x0000000540000000, 0x00000006cd180000, 0x00000006eab00000)
  object space 6505984K, 48% used [0x0000000540000000,0x00000005feefae60,0x00000006cd180000)
 Metaspace       used 91744K, capacity 98113K, committed 101632K, reserved 1138688K
  class space    used 11551K, capacity 12101K, committed 12800K, reserved 1048576K
Event: 8995.099 GC heap after
Heap after GC invocations=3084 (full 6):
 PSYoungGen      total 3371008K, used 86005K [0x00000006eab00000, 0x00000007c0000000, 0x00000007c0000000)
  eden space 3254272K, 0% used [0x00000006eab00000,0x00000006eab00000,0x00000007b1500000)
  from space 116736K, 73% used [0x00000007b8a00000,0x00000007bddfd540,0x00000007bfc00000)
  to   space 119808K, 0% used [0x00000007b1500000,0x00000007b1500000,0x00000007b8a00000)
 ParOldGen       total 6505984K, used 3129963K [0x0000000540000000, 0x00000006cd180000, 0x00000006eab00000)
  object space 6505984K, 48% used [0x0000000540000000,0x00000005ff09ae60,0x00000006cd180000)
 Metaspace       used 91744K, capacity 98113K, committed 101632K, reserved 1138688K
  class space    used 11551K, capacity 12101K, committed 12800K, reserved 1048576K
}
Event: 8997.880 GC heap before
{Heap before GC invocations=3085 (full 6):
 PSYoungGen      total 3371008K, used 3340277K [0x00000006eab00000, 0x00000007c0000000, 0x00000007c0000000)
  eden space 3254272K, 100% used [0x00000006eab00000,0x00000007b1500000,0x00000007b1500000)
  from space 116736K, 73% used [0x00000007b8a00000,0x00000007bddfd540,0x00000007bfc00000)
  to   space 119808K, 0% used [0x00000007b1500000,0x00000007b1500000,0x00000007b8a00000)
 ParOldGen       total 6505984K, used 3129963K [0x0000000540000000, 0x00000006cd180000, 0x00000006eab00000)
  object space 6505984K, 48% used [0x0000000540000000,0x00000005ff09ae60,0x00000006cd180000)
 Metaspace       used 91744K, capacity 98113K, committed 101632K, reserved 1138688K
  class space    used 11551K, capacity 12101K, committed 12800K, reserved 1048576K
Event: 8997.957 GC heap after
Heap after GC invocations=3085 (full 6):
 PSYoungGen      total 3345408K, used 90635K [0x00000006eab00000, 0x00000007c0000000, 0x00000007c0000000)
  eden space 3254272K, 0% used [0x00000006eab00000,0x00000006eab00000,0x00000007b1500000)
  from space 91136K, 99% used [0x00000007b1500000,0x00000007b6d82dc8,0x00000007b6e00000)
  to   space 123904K, 0% used [0x00000007b8700000,0x00000007b8700000,0x00000007c0000000)
 ParOldGen       total 6505984K, used 3131627K [0x0000000540000000, 0x00000006cd180000, 0x00000006eab00000)
  object space 6505984K, 48% used [0x0000000540000000,0x00000005ff23ae60,0x00000006cd180000)
 Metaspace       used 91744K, capacity 98113K, committed 101632K, reserved 1138688K
  class space    used 11551K, capacity 12101K, committed 12800K, reserved 1048576K
}
Event: 9000.961 GC heap before
{Heap before GC invocations=3086 (full 6):
 PSYoungGen      total 3345408K, used 3344907K [0x00000006eab00000, 0x00000007c0000000, 0x00000007c0000000)
  eden space 3254272K, 100% used [0x00000006eab00000,0x00000007b1500000,0x00000007b1500000)
  from space 91136K, 99% used [0x00000007b1500000,0x00000007b6d82dc8,0x00000007b6e00000)
  to   space 123904K, 0% used [0x00000007b8700000,0x00000007b8700000,0x00000007c0000000)
 ParOldGen       total 6505984K, used 3131627K [0x0000000540000000, 0x00000006cd180000, 0x00000006eab00000)
  object space 6505984K, 48% used [0x0000000540000000,0x00000005ff23ae60,0x00000006cd180000)
 Metaspace       used 91744K, capacity 98113K, committed 101632K, reserved 1138688K
  class space    used 11551K, capacity 12101K, committed 12800K, reserved 1048576K
Event: 9001.046 GC heap after
Heap after GC invocations=3086 (full 6):
 PSYoungGen      total 3360768K, used 96730K [0x00000006eab00000, 0x00000007c0000000, 0x00000007c0000000)
  eden space 3236864K, 0% used [0x00000006eab00000,0x00000006eab00000,0x00000007b0400000)
  from space 123904K, 78% used [0x00000007b8700000,0x00000007be5769d8,0x00000007c0000000)
  to   space 129024K, 0% used [0x00000007b0400000,0x00000007b0400000,0x00000007b8200000)
 ParOldGen       total 6505984K, used 3133435K [0x0000000540000000, 0x00000006cd180000, 0x00000006eab00000)
  object space 6505984K, 48% used [0x0000000540000000,0x00000005ff3fee60,0x00000006cd180000)
 Metaspace       used 91744K, capacity 98113K, committed 101632K, reserved 1138688K
  class space    used 11551K, capacity 12101K, committed 12800K, reserved 1048576K
}
Event: 9003.860 GC heap before
{Heap before GC invocations=3087 (full 6):
 PSYoungGen      total 3360768K, used 3333594K [0x00000006eab00000, 0x00000007c0000000, 0x00000007c0000000)
  eden space 3236864K, 100% used [0x00000006eab00000,0x00000007b0400000,0x00000007b0400000)
  from space 123904K, 78% used [0x00000007b8700000,0x00000007be5769d8,0x00000007c0000000)
  to   space 129024K, 0% used [0x00000007b0400000,0x00000007b0400000,0x00000007b8200000)
 ParOldGen       total 6505984K, used 3133435K [0x0000000540000000, 0x00000006cd180000, 0x00000006eab00000)
  object space 6505984K, 48% used [0x0000000540000000,0x00000005ff3fee60,0x00000006cd180000)
 Metaspace       used 91744K, capacity 98113K, committed 101632K, reserved 1138688K
  class space    used 11551K, capacity 12101K, committed 12800K, reserved 1048576K
Event: 9003.935 GC heap after
Heap after GC invocations=3087 (full 6):
 PSYoungGen      total 3329536K, used 92303K [0x00000006eab00000, 0x00000007c0000000, 0x00000007c0000000)
  eden space 3236864K, 0% used [0x00000006eab00000,0x00000006eab00000,0x00000007b0400000)
  from space 92672K, 99% used [0x00000007b0400000,0x00000007b5e23f60,0x00000007b5e80000)
  to   space 131072K, 0% used [0x00000007b8000000,0x00000007b8000000,0x00000007c0000000)
 ParOldGen       total 6505984K, used 3134923K [0x0000000540000000, 0x00000006cd180000, 0x00000006eab00000)
  object space 6505984K, 48% used [0x0000000540000000,0x00000005ff572e60,0x00000006cd180000)
 Metaspace       used 91744K, capacity 98113K, committed 101632K, reserved 1138688K
  class space    used 11551K, capacity 12101K, committed 12800K, reserved 1048576K
}

